<?xml version="1.0" encoding="UTF-8"?>
<testsuite xmlns:xsi="http://www.w3.org/2001/XMLSchema-instance" xsi:noNamespaceSchemaLocation="https://maven.apache.org/surefire/maven-surefire-plugin/xsd/surefire-test-report-3.0.xsd" version="3.0" name="Exercicio3Test" time="0.06" tests="7" errors="1" skipped="0" failures="2">
  <properties>
[...]
</properties>
  <testcase name="deveRetornarFalsoParaFaltaDeFecho" classname="Exercicio3Test" time="0.02"/>
  <testcase name="deveRetornarFalsoParaOrdemIncorreta" classname="Exercicio3Test" time="0.001"/>
  <testcase name="deveRetornarVerdadeiroParaParesSimples" classname="Exercicio3Test" time="0.006">
    <failure message="expected: &lt;true&gt; but was: &lt;false&gt;" type="org.opentest4j.AssertionFailedError"><![CDATA[org.opentest4j.AssertionFailedError: expected: <true> but was: <false>
	at org.junit.jupiter.api.AssertionFailureBuilder.build(AssertionFailureBuilder.java:151)
	at org.junit.jupiter.api.AssertionFailureBuilder.buildAndThrow(AssertionFailureBuilder.java:132)
	at org.junit.jupiter.api.AssertTrue.failNotTrue(AssertTrue.java:63)
	at org.junit.jupiter.api.AssertTrue.assertTrue(AssertTrue.java:36)
	at org.junit.jupiter.api.AssertTrue.assertTrue(AssertTrue.java:31)
	at org.junit.jupiter.api.Assertions.assertTrue(Assertions.java:183)
	at Exercicio3Test.deveRetornarVerdadeiroParaParesSimples(Exercicio3Test.java:8)
	at java.base/java.lang.reflect.Method.invoke(Method.java:568)
	at java.base/java.util.ArrayList.forEach(ArrayList.java:1511)
	at java.base/java.util.ArrayList.forEach(ArrayList.java:1511)
]]></failure>
  </testcase>
  <testcase name="deveRetornarVerdadeiroParaStringVazia" classname="Exercicio3Test" time="0.004"/>
  <testcase name="deveRetornarFalsoParaFechoSemAbertura" classname="Exercicio3Test" time="0.001">
    <error type="java.util.EmptyStackException"><![CDATA[java.util.EmptyStackException
	at java.base/java.util.Stack.peek(Stack.java:101)
	at java.base/java.util.Stack.pop(Stack.java:83)
	at exercicio3.isValid(exercicio3.java:22)
	at Exercicio3Test.deveRetornarFalsoParaFechoSemAbertura(Exercicio3Test.java:42)
	at java.base/java.lang.reflect.Method.invoke(Method.java:568)
	at java.base/java.util.ArrayList.forEach(ArrayList.java:1511)
	at java.base/java.util.ArrayList.forEach(ArrayList.java:1511)
]]></error>
  </testcase>
  <testcase name="deveRetornarVerdadeiroParaParesAninhados" classname="Exercicio3Test" time="0.001">
    <failure message="expected: &lt;true&gt; but was: &lt;false&gt;" type="org.opentest4j.AssertionFailedError"><![CDATA[org.opentest4j.AssertionFailedError: expected: <true> but was: <false>
	at org.junit.jupiter.api.AssertionFailureBuilder.build(AssertionFailureBuilder.java:151)
	at org.junit.jupiter.api.AssertionFailureBuilder.buildAndThrow(AssertionFailureBuilder.java:132)
	at org.junit.jupiter.api.AssertTrue.failNotTrue(AssertTrue.java:63)
	at org.junit.jupiter.api.AssertTrue.assertTrue(AssertTrue.java:36)
	at org.junit.jupiter.api.AssertTrue.assertTrue(AssertTrue.java:31)
	at org.junit.jupiter.api.Assertions.assertTrue(Assertions.java:183)
	at Exercicio3Test.deveRetornarVerdadeiroParaParesAninhados(Exercicio3Test.java:15)
	at java.base/java.lang.reflect.Method.invoke(Method.java:568)
	at java.base/java.util.ArrayList.forEach(ArrayList.java:1511)
	at java.base/java.util.ArrayList.forEach(ArrayList.java:1511)
]]></failure>
  </testcase>
  <testcase name="deveRetornarFalsoParaParesIncorretos" classname="Exercicio3Test" time="0.0"/>
</testsuite>